2019-08-13 01:47:11,978  INFO [main] LogReports:23 - passed
2019-08-13 03:30:00,291  INFO [main] LogReports:23 - products added to cart is displayed
2019-08-13 03:30:06,812  INFO [main] LogReports:23 - products added to cart is displayed
2019-08-13 03:30:06,856  INFO [main] LogReports:23 - products added to cart is displayed
2019-08-13 03:49:50,604  INFO [main] LogReports:23 - products added to cart is displayed
2019-08-13 03:56:22,146  INFO [main] LogReports:23 - products added to cart is displayed
2019-08-13 03:57:14,515  INFO [main] LogReports:23 - products added to cart is displayed
2019-08-13 04:00:32,132  INFO [main] LogReports:23 - products added to cart is displayed
2019-08-13 04:00:40,114  INFO [main] LogReports:23 - products added to cart is displayed
2019-08-13 04:19:25,546  INFO [main] LogReports:23 - products added to cart is displayed
2019-08-13 04:19:35,655  INFO [main] LogReports:23 - Passed : This is the actual element in the cart: Actual data : product number: br312631 Expected :product number: br312631
2019-08-13 04:19:35,656  INFO [main] LogReports:23 - Validation success
2019-08-13 04:21:50,601  INFO [main] LogReports:23 - products added to cart is displayed
2019-08-13 04:22:10,154  INFO [main] LogReports:23 - Passed : This is the actual element in the cart: Actual data : product number: br312631 Expected :product number: br312631
2019-08-13 04:22:10,155  INFO [main] LogReports:23 - Validation success
2019-08-13 04:23:42,850  INFO [main] LogReports:23 - products added to cart is displayed
2019-08-13 04:24:02,483  INFO [main] LogReports:23 - Passed : This is the actual element in the cart: Actual data : product number: br312631 Expected :product number: br312631
2019-08-13 04:24:02,484  INFO [main] LogReports:23 - Validation success
2019-08-13 04:24:48,463  INFO [main] LogReports:23 - products added to cart is displayed
2019-08-13 04:28:23,704  INFO [main] LogReports:23 - products added to cart is displayed
2019-08-13 04:28:32,327  INFO [main] LogReports:23 - products added to cart is displayed
2019-08-13 04:33:18,281  INFO [main] LogReports:23 - products added to cart is displayed
2019-08-13 04:33:25,410  INFO [main] LogReports:23 - products added to cart is displayed
2019-08-13 04:33:31,178  INFO [main] LogReports:23 - Passed : This is the actual element in the cart: Actual data : product number: br312631 Expected :product number: br312631
2019-08-13 04:33:31,178  INFO [main] LogReports:23 - Validation success
2019-08-13 04:35:49,996  INFO [main] LogReports:23 - products added to cart is displayed
2019-08-13 04:35:57,509  INFO [main] LogReports:23 - products added to cart is displayed
2019-08-13 04:38:24,181  INFO [main] LogReports:23 - products added to cart is displayed
2019-08-13 04:38:31,359  INFO [main] LogReports:23 - products added to cart is displayed
2019-08-13 04:38:37,048  INFO [main] LogReports:23 - Passed : This is the actual element in the cart: Actual data : product number: br312631 Expected :product number: br312631
2019-08-13 04:38:37,048  INFO [main] LogReports:23 - Validation success
2019-08-13 04:39:59,513  INFO [main] LogReports:23 - products added to cart is displayed
2019-08-13 04:40:07,243  INFO [main] LogReports:23 - products added to cart is displayed
2019-08-13 04:40:12,183  INFO [main] LogReports:23 - Passed : This is the actual element in the cart: Actual data : product number: br312631 Expected :product number: br312631
2019-08-13 04:40:12,183  INFO [main] LogReports:23 - Validation success
2019-08-13 04:41:30,167  INFO [main] LogReports:23 - products added to cart is displayed
2019-08-13 04:41:38,062  INFO [main] LogReports:23 - products added to cart is displayed
2019-08-13 04:41:43,988  INFO [main] LogReports:23 - Passed : This is the actual element in the cart: Actual data : product number: br312631 Expected :product number: br312631
2019-08-13 04:41:43,988  INFO [main] LogReports:23 - Validation success
2019-08-13 04:45:13,202  INFO [main] LogReports:23 - products added to cart is displayed
2019-08-13 04:45:22,037  INFO [main] LogReports:23 - products added to cart is displayed
2019-08-13 04:45:27,788  INFO [main] LogReports:23 - Passed : This is the actual element in the cart: Actual data : product number: br312631 Expected :product number: br312631
2019-08-13 04:45:27,788  INFO [main] LogReports:23 - Validation success
2019-08-13 04:47:02,695  INFO [main] LogReports:23 - products added to cart is displayed
2019-08-13 04:47:11,344  INFO [main] LogReports:23 - products added to cart is displayed
2019-08-13 04:47:17,391  INFO [main] LogReports:23 - Passed : This is the actual element in the cart: Actual data : product number: br312631 Expected :product number: br312631
2019-08-13 04:47:17,392  INFO [main] LogReports:23 - Validation success
2019-08-13 04:51:29,857  INFO [main] LogReports:23 - products added to cart is displayed
2019-08-13 04:51:40,753  INFO [main] LogReports:23 - products added to cart is displayed
2019-08-13 04:51:47,899  INFO [main] LogReports:23 - Passed : This is the actual element in the cart: Actual data : product number: br312631 Expected :product number: br312631
2019-08-13 04:51:47,900  INFO [main] LogReports:23 - Validation success
2019-08-13 04:53:34,589  INFO [main] LogReports:23 - products added to cart is displayed
2019-08-13 04:53:47,458  INFO [main] LogReports:23 - products added to cart is displayed
2019-08-13 04:53:54,706  INFO [main] LogReports:23 - Passed : This is the actual element in the cart: Actual data : product number: br312631 Expected :product number: br312631
2019-08-13 04:53:54,707  INFO [main] LogReports:23 - Validation success
2019-08-13 04:58:30,365  INFO [main] LogReports:23 - products added to cart is displayed
2019-08-13 04:58:37,705  INFO [main] LogReports:23 - products added to cart is displayed
2019-08-13 04:58:42,994  INFO [main] LogReports:23 - Passed : This is the actual element in the cart: Actual data : product number: br312631 Expected :product number: br312631
2019-08-13 04:58:42,995  INFO [main] LogReports:23 - Validation success
2019-08-13 05:03:23,903  INFO [main] LogReports:23 - products added to cart is displayed
2019-08-13 05:03:31,459  INFO [main] LogReports:23 - products added to cart is displayed
2019-08-13 05:03:36,379  INFO [main] LogReports:23 - Passed : This is the actual element in the cart: Actual data : product number: br312631 Expected :product number: br312631
2019-08-13 05:03:36,380  INFO [main] LogReports:23 - Validation success
2019-08-13 05:03:39,956  INFO [main] LogReports:23 - Passed : This is the actual element in the cart: Actual data : product number: tjf13513 Expected :product number: tjf13513
2019-08-13 05:27:19,156  INFO [main] LogReports:23 - products added to cart is displayed
2019-08-13 05:27:28,166  INFO [main] LogReports:23 - products added to cart is displayed
2019-08-13 05:27:34,426  INFO [main] LogReports:23 - Passed : This is the actual element in the cart: Actual data : product number: br312631 Expected :product number: br312631
2019-08-13 05:27:34,427  INFO [main] LogReports:23 - Validation success
2019-08-13 05:27:36,173  INFO [main] LogReports:23 - Validation success
2019-08-13 05:27:37,799  INFO [main] LogReports:23 - Passed : This is the actual element in the cart: Actual data : product number: tjf13513 Expected :product number: tjf13513
2019-08-13 05:33:50,619  INFO [main] LogReports:23 - products added to cart is displayed
2019-08-13 05:33:59,646  INFO [main] LogReports:23 - products added to cart is displayed
2019-08-13 05:34:05,412  INFO [main] LogReports:23 - Passed : This is the actual element in the cart: Actual data : product number: br312631 Expected :product number: br312631
2019-08-13 05:34:05,413  INFO [main] LogReports:23 - Validation success
2019-08-13 05:34:07,445  INFO [main] LogReports:23 - Validation success
2019-08-13 05:34:09,807  INFO [main] LogReports:23 - Passed : This is the actual element in the cart: Actual data : product number: tjf13513 Expected :product number: tjf13513
2019-08-13 05:37:21,797  INFO [main] LogReports:23 - products added to cart is displayed
2019-08-13 05:37:29,987  INFO [main] LogReports:23 - products added to cart is displayed
2019-08-13 05:37:35,253  INFO [main] LogReports:23 - Passed : This is the actual element in the cart: Actual data : product number: br312631 Expected :product number: br312631
2019-08-13 05:37:35,255  INFO [main] LogReports:23 - Validation success
2019-08-13 05:37:36,970  INFO [main] LogReports:23 - Validation success
2019-08-13 05:37:38,809  INFO [main] LogReports:23 - Passed : This is the actual element in the cart: Actual data : product number: tjf13513 Expected :product number: tjf13513
2019-08-13 05:39:30,735  INFO [main] LogReports:23 - products added to cart is displayed
2019-08-13 05:39:38,464  INFO [main] LogReports:23 - products added to cart is displayed
2019-08-13 05:39:44,780  INFO [main] LogReports:23 - Passed : This is the actual element in the cart: Actual data : product number: br312631 Expected :product number: br312631
2019-08-13 05:39:44,781  INFO [main] LogReports:23 - Validation success
2019-08-13 05:39:46,762  INFO [main] LogReports:23 - Validation success
2019-08-13 05:39:49,119  INFO [main] LogReports:23 - Passed : This is the actual element in the cart: Actual data : product number: tjf13513 Expected :product number: tjf13513
2019-08-13 05:45:16,386  INFO [main] LogReports:23 - products added to cart is displayed
2019-08-13 05:45:24,692  INFO [main] LogReports:23 - products added to cart is displayed
2019-08-13 05:45:30,293  INFO [main] LogReports:23 - Passed : This is the actual element in the cart: Actual data : product number: br312631 Expected :product number: br312631
2019-08-13 05:45:30,293  INFO [main] LogReports:23 - Validation success
2019-08-13 05:45:31,922  INFO [main] LogReports:23 - Validation success
2019-08-13 05:45:33,627  INFO [main] LogReports:23 - Passed : This is the actual element in the cart: Actual data : product number: tjf13513 Expected :product number: tjf13513
2019-08-13 05:52:15,657  INFO [main] LogReports:23 - products added to cart is displayed
2019-08-13 05:52:23,178  INFO [main] LogReports:23 - products added to cart is displayed
2019-08-13 05:52:28,476  INFO [main] LogReports:23 - Passed : This is the actual element in the cart: Actual data : product number: br312631 Expected :product number: br312631
2019-08-13 05:52:28,476  INFO [main] LogReports:23 - Validation success
2019-08-13 05:52:29,896  INFO [main] LogReports:23 - Validation success
2019-08-13 05:52:32,293  INFO [main] LogReports:23 - Passed : This is the actual element in the cart: Actual data : product number: tjf13513 Expected :product number: tjf13513
2019-08-13 05:55:12,966  INFO [main] LogReports:23 - products added to cart is displayed
2019-08-13 05:55:19,647  INFO [main] LogReports:23 - products added to cart is displayed
2019-08-13 05:55:25,069  INFO [main] LogReports:23 - Passed : This is the actual element in the cart: Actual data : product number: br312631 Expected :product number: br312631
2019-08-13 05:55:25,069  INFO [main] LogReports:23 - Validation success
2019-08-13 05:55:26,612  INFO [main] LogReports:23 - Validation success
2019-08-13 05:55:28,336  INFO [main] LogReports:23 - Passed : This is the actual element in the cart: Actual data : product number: tjf13513 Expected :product number: tjf13513
2019-08-13 06:02:45,714  INFO [main] LogReports:23 - products added to cart is displayed
2019-08-13 06:02:54,263  INFO [main] LogReports:23 - products added to cart is displayed
2019-08-13 06:02:59,387  INFO [main] LogReports:23 - Passed : This is the actual element in the cart: Actual data : product number: br312631 Expected :product number: br312631
2019-08-13 06:02:59,388  INFO [main] LogReports:23 - Validation success
2019-08-13 06:03:00,971  INFO [main] LogReports:23 - Validation success
2019-08-13 06:03:02,545  INFO [main] LogReports:23 - Passed : This is the actual element in the cart: Actual data : product number: tjf13513 Expected :product number: tjf13513
2019-08-13 06:10:55,981  INFO [main] LogReports:23 - products added to cart is displayed
2019-08-13 06:11:02,634  INFO [main] LogReports:23 - products added to cart is displayed
2019-08-13 06:11:08,341  INFO [main] LogReports:23 - Passed : This is the actual element in the cart: Actual data : product number: br312631 Expected :product number: br312631
2019-08-13 06:11:08,341  INFO [main] LogReports:23 - Validation success
2019-08-13 06:11:09,961  INFO [main] LogReports:23 - Validation success
2019-08-13 06:11:11,984  INFO [main] LogReports:23 - Passed : This is the actual element in the cart: Actual data : product number: tjf13513 Expected :product number: tjf13513
2019-08-13 06:15:51,331  INFO [main] LogReports:23 - products added to cart is displayed
2019-08-13 06:15:58,128  INFO [main] LogReports:23 - products added to cart is displayed
2019-08-13 06:16:04,311  INFO [main] LogReports:23 - Passed : This is the actual element in the cart: Actual data : product number: br312631 Expected :product number: br312631
2019-08-13 06:16:04,311  INFO [main] LogReports:23 - Validation success
2019-08-13 06:16:05,772  INFO [main] LogReports:23 - Validation success
2019-08-13 06:16:07,386  INFO [main] LogReports:23 - Passed : This is the actual element in the cart: Actual data : product number: tjf13513 Expected :product number: tjf13513
2019-08-13 06:47:44,484  INFO [main] LogReports:23 - products added to cart is displayed
2019-08-13 06:47:52,347  INFO [main] LogReports:23 - products added to cart is displayed
2019-08-13 06:47:58,216  INFO [main] LogReports:23 - Passed : This is the actual element in the cart: Actual data : product number: br312631 Expected :product number: br312631
2019-08-13 06:47:58,217  INFO [main] LogReports:23 - Validation success
2019-08-13 06:48:00,041  INFO [main] LogReports:23 - Validation success
2019-08-13 06:48:01,781  INFO [main] LogReports:23 - Passed : This is the actual element in the cart: Actual data : product number: tjf13513 Expected :product number: tjf13513
2019-08-13 06:51:39,784  INFO [main] LogReports:23 - products added to cart is displayed
2019-08-13 06:51:47,516  INFO [main] LogReports:23 - products added to cart is displayed
2019-08-13 06:51:52,514  INFO [main] LogReports:23 - Passed : This is the actual element in the cart: Actual data : product number: br312631 Expected :product number: br312631
2019-08-13 06:51:52,515  INFO [main] LogReports:23 - Validation success
2019-08-13 06:51:54,098  INFO [main] LogReports:23 - Validation success
2019-08-13 06:51:56,049  INFO [main] LogReports:23 - Passed : This is the actual element in the cart: Actual data : product number: tjf13513 Expected :product number: tjf13513
2019-08-13 06:54:18,219  INFO [main] LogReports:23 - products added to cart is displayed
2019-08-13 06:54:26,161  INFO [main] LogReports:23 - products added to cart is displayed
2019-08-13 06:54:31,515  INFO [main] LogReports:23 - Passed : This is the actual element in the cart: Actual data : product number: br312631 Expected :product number: br312631
2019-08-13 06:54:31,515  INFO [main] LogReports:23 - Validation success
2019-08-13 06:54:33,090  INFO [main] LogReports:23 - Validation success
2019-08-13 06:54:34,693  INFO [main] LogReports:23 - Passed : This is the actual element in the cart: Actual data : product number: tjf13513 Expected :product number: tjf13513
2019-08-13 06:57:41,938  INFO [main] LogReports:23 - products added to cart is displayed
2019-08-13 06:57:50,206  INFO [main] LogReports:23 - products added to cart is displayed
2019-08-13 06:57:55,294  INFO [main] LogReports:23 - Passed : This is the actual element in the cart: Actual data : product number: br312631 Expected :product number: br312631
2019-08-13 06:57:55,294  INFO [main] LogReports:23 - Validation success
2019-08-13 06:57:56,896  INFO [main] LogReports:23 - Validation success
2019-08-13 06:57:58,605  INFO [main] LogReports:23 - Passed : This is the actual element in the cart: Actual data : product number: tjf13513 Expected :product number: tjf13513
2019-08-13 07:02:33,558  INFO [main] LogReports:23 - products added to cart is displayed
2019-08-13 07:02:41,482  INFO [main] LogReports:23 - products added to cart is displayed
2019-08-13 07:03:03,344  INFO [main] LogReports:23 - Passed : This is the actual element in the cart: Actual data : product number: br312631 Expected :product number: br312631
2019-08-13 07:03:03,358  INFO [main] LogReports:23 - Validation success
2019-08-13 07:03:05,214  INFO [main] LogReports:23 - Validation success
2019-08-13 07:03:07,189  INFO [main] LogReports:23 - Passed : This is the actual element in the cart: Actual data : product number: tjf13513 Expected :product number: tjf13513
2019-08-13 07:06:30,509  INFO [main] LogReports:23 - products added to cart is displayed
2019-08-13 07:06:38,512  INFO [main] LogReports:23 - products added to cart is displayed
2019-08-13 07:06:44,070  INFO [main] LogReports:23 - Passed : This is the actual element in the cart: Actual data : product number: br312631 Expected :product number: br312631
2019-08-13 07:06:44,070  INFO [main] LogReports:23 - Validation success
2019-08-13 07:06:45,714  INFO [main] LogReports:23 - Validation success
2019-08-13 07:06:47,200  INFO [main] LogReports:23 - Passed : This is the actual element in the cart: Actual data : product number: tjf13513 Expected :product number: tjf13513
2019-08-13 07:08:04,087  INFO [main] LogReports:23 - products added to cart is displayed
2019-08-13 07:08:11,772  INFO [main] LogReports:23 - products added to cart is displayed
2019-08-13 07:08:17,154  INFO [main] LogReports:23 - Passed : This is the actual element in the cart: Actual data : product number: br312631 Expected :product number: br312631
2019-08-13 07:08:17,155  INFO [main] LogReports:23 - Validation success
2019-08-13 07:08:18,728  INFO [main] LogReports:23 - Validation success
2019-08-13 07:08:20,578  INFO [main] LogReports:23 - Passed : This is the actual element in the cart: Actual data : product number: tjf13513 Expected :product number: tjf13513
2019-08-13 07:10:26,419  INFO [main] LogReports:23 - products added to cart is displayed
2019-08-13 07:10:34,089  INFO [main] LogReports:23 - products added to cart is displayed
2019-08-13 07:10:39,663  INFO [main] LogReports:23 - Passed : This is the actual element in the cart: Actual data : product number: br312631 Expected :product number: br312631
2019-08-13 07:10:39,664  INFO [main] LogReports:23 - Validation success
2019-08-13 07:10:41,154  INFO [main] LogReports:23 - Validation success
2019-08-13 07:10:42,943  INFO [main] LogReports:23 - Passed : This is the actual element in the cart: Actual data : product number: tjf13513 Expected :product number: tjf13513
2019-08-13 07:13:16,411  INFO [main] LogReports:23 - products added to cart is displayed
2019-08-13 07:13:24,079  INFO [main] LogReports:23 - products added to cart is displayed
2019-08-13 07:13:29,095  INFO [main] LogReports:23 - Passed : This is the actual element in the cart: Actual data : product number: br312631 Expected :product number: br312631
2019-08-13 07:13:29,095  INFO [main] LogReports:23 - Validation success
2019-08-13 07:13:30,607  INFO [main] LogReports:23 - Validation success
2019-08-13 07:13:32,248  INFO [main] LogReports:23 - Passed : This is the actual element in the cart: Actual data : product number: tjf13513 Expected :product number: tjf13513
2019-08-13 07:15:10,732  INFO [main] LogReports:23 - products added to cart is displayed
2019-08-13 07:15:18,811  INFO [main] LogReports:23 - products added to cart is displayed
2019-08-13 07:15:24,692  INFO [main] LogReports:23 - Passed : This is the actual element in the cart: Actual data : product number: br312631 Expected :product number: br312631
2019-08-13 07:15:24,693  INFO [main] LogReports:23 - Validation success
2019-08-13 07:15:26,252  INFO [main] LogReports:23 - Validation success
2019-08-13 07:15:27,899  INFO [main] LogReports:23 - Passed : This is the actual element in the cart: Actual data : product number: tjf13513 Expected :product number: tjf13513
2019-08-13 07:20:57,090  INFO [main] LogReports:23 - products added to cart is displayed
2019-08-13 07:21:04,962  INFO [main] LogReports:23 - products added to cart is displayed
2019-08-13 07:21:09,728  INFO [main] LogReports:23 - Passed : This is the actual element in the cart: Actual data : product number: br312631 Expected :product number: br312631
2019-08-13 07:21:09,728  INFO [main] LogReports:23 - Validation success
2019-08-13 07:21:11,199  INFO [main] LogReports:23 - Validation success
2019-08-13 07:21:12,842  INFO [main] LogReports:23 - Passed : This is the actual element in the cart: Actual data : product number: tjf13513 Expected :product number: tjf13513
2019-08-13 07:38:43,884  INFO [main] LogReports:23 - products added to cart is displayed
2019-08-13 07:38:51,234  INFO [main] LogReports:23 - products added to cart is displayed
2019-08-13 07:39:03,610  INFO [main] LogReports:23 - passed
2019-08-13 07:39:03,800  INFO [main] LogReports:23 - passed
2019-08-13 07:39:03,962  INFO [main] LogReports:23 - passed
2019-08-13 07:39:09,109  INFO [main] LogReports:23 - Passed : This is the actual element in the cart: Actual data : product number: br312631 Expected :product number: br312631
2019-08-13 07:39:09,110  INFO [main] LogReports:23 - Validation success
2019-08-13 07:39:10,885  INFO [main] LogReports:23 - Validation success
2019-08-13 07:39:12,649  INFO [main] LogReports:23 - Passed : This is the actual element in the cart: Actual data : product number: tjf13513 Expected :product number: tjf13513
2019-08-13 07:42:14,603  INFO [main] LogReports:23 - products added to cart is displayed
2019-08-13 07:42:22,805  INFO [main] LogReports:23 - products added to cart is displayed
2019-08-13 07:42:37,023  INFO [main] LogReports:23 - passed
2019-08-13 07:42:37,217  INFO [main] LogReports:23 - passed
2019-08-13 07:42:37,408  INFO [main] LogReports:23 - passed
2019-08-13 07:46:29,260  INFO [main] LogReports:23 - passed
2019-08-13 07:46:29,535  INFO [main] LogReports:23 - passed
2019-08-13 07:46:29,758  INFO [main] LogReports:23 - passed
2019-08-13 07:48:05,720  INFO [main] LogReports:23 - passed
2019-08-13 07:48:05,828  INFO [main] LogReports:23 - passed
2019-08-13 07:48:05,986  INFO [main] LogReports:23 - passed
2019-08-13 07:49:38,821  INFO [main] LogReports:23 - passed
2019-08-13 07:49:39,007  INFO [main] LogReports:23 - passed
2019-08-13 07:49:39,207  INFO [main] LogReports:23 - passed
